[ INFO ] 10:40:50.642 [main:ReadFile] : **************** Planning Generator ****************
[ INFO ] 10:40:50.645 [main:ReadFile] : Executing command...
[ INFO ] 10:40:52.067 [main:ReadFile] : Problème de lecture de cellule. (f:1,col:12,li:7) La cellule a été ignorée.
[ INFO ] 10:40:52.079 [main:ReadFile] : Problème de lecture de cellule. (f:1,col:12,li:8) La cellule a été ignorée.
[ INFO ] 10:40:52.083 [main:ReadFile] : Problème de lecture de cellule. (f:1,col:12,li:11) La cellule a été ignorée.
[ INFO ] 10:40:52.088 [main:ReadFile] : Problème de lecture de cellule. (f:1,col:12,li:22) La cellule a été ignorée.
[ INFO ] 10:40:52.091 [main:ReadFile] : Problème de lecture de cellule. (f:1,col:12,li:28) La cellule a été ignorée.
[ INFO ] 10:40:52.092 [main:ReadFile] : Problème de lecture de cellule. (f:1,col:12,li:31) La cellule a été ignorée.
[ INFO ] 10:40:52.093 [main:ReadFile] : Problème de lecture de cellule. (f:1,col:12,li:32) La cellule a été ignorée.
[ INFO ] 10:40:52.093 [main:ReadFile] : Problème de lecture de cellule. (f:1,col:12,li:33) La cellule a été ignorée.
[ INFO ] 10:40:52.094 [main:ReadFile] : Problème de lecture de cellule. (f:1,col:12,li:34) La cellule a été ignorée.
[ INFO ] 10:40:52.094 [main:ReadFile] : Problème de lecture de cellule. (f:1,col:15,li:34) La cellule a été ignorée.
[ INFO ] 10:40:52.472 [main:ReadFile] : Problème de lecture de cellule. (f:2,col:12,li:7) La cellule a été ignorée.
[ INFO ] 10:40:52.473 [main:ReadFile] : Problème de lecture de cellule. (f:2,col:12,li:8) La cellule a été ignorée.
[ INFO ] 10:40:52.473 [main:ReadFile] : Problème de lecture de cellule. (f:2,col:12,li:11) La cellule a été ignorée.
[ INFO ] 10:40:52.474 [main:ReadFile] : Problème de lecture de cellule. (f:2,col:12,li:12) La cellule a été ignorée.
[ INFO ] 10:40:52.476 [main:ReadFile] : Problème de lecture de cellule. (f:2,col:12,li:20) La cellule a été ignorée.
[ INFO ] 10:40:52.478 [main:ReadFile] : Problème de lecture de cellule. (f:2,col:12,li:25) La cellule a été ignorée.
[ INFO ] 10:40:52.479 [main:ReadFile] : Problème de lecture de cellule. (f:2,col:12,li:30) La cellule a été ignorée.
[ INFO ] 10:40:52.479 [main:ReadFile] : Problème de lecture de cellule. (f:2,col:12,li:31) La cellule a été ignorée.
[ INFO ] 10:40:52.480 [main:ReadFile] : Problème de lecture de cellule. (f:2,col:12,li:34) La cellule a été ignorée.
[ WARN ] 10:40:52.486 [main:ReadFile] : La cellule ligne 35 / colonne 6 de l'onglet 2, est de type STRING
[ INFO ] 10:40:52.486 [main:ReadFile] : Problème de lecture de cellule. (f:2,col:12,li:35) La cellule a été ignorée.
[ INFO ] 10:40:52.487 [main:ReadFile] : Problème de lecture de cellule. (f:2,col:12,li:36) La cellule a été ignorée.
[ WARN ] 10:40:52.487 [main:ReadFile] : La cellule ligne 37 / colonne 6 de l'onglet 2, est de type STRING
[ INFO ] 10:40:52.488 [main:ReadFile] : Problème de lecture de cellule. (f:2,col:12,li:37) La cellule a été ignorée.
[ INFO ] 10:40:52.488 [main:ReadFile] : Problème de lecture de cellule. (f:2,col:12,li:38) La cellule a été ignorée.
[ INFO ] 10:40:52.488 [main:ReadFile] : Problème de lecture de cellule. (f:2,col:12,li:39) La cellule a été ignorée.
[ INFO ] 10:40:52.488 [main:ReadFile] : Problème de lecture de cellule. (f:2,col:15,li:39) La cellule a été ignorée.
[ INFO ] 10:40:52.489 [main:ReadFile] : Problème de lecture de cellule. (f:2,col:12,li:42) La cellule a été ignorée.
[ INFO ] 10:40:52.489 [main:ReadFile] : Problème de lecture de cellule. (f:2,col:15,li:42) La cellule a été ignorée.
[ ERROR] 10:41:02.319 [main:ReadFile] : Planning Année 3 DI 2019 - 2020.xlsx (Le processus ne peut pas accéder au fichier car ce fichier est utilisé par un autre processus)
[ ERROR] 10:41:02.319 [main:ReadFile] : java.base/java.io.FileOutputStream.open0(Native Method)
[ ERROR] 10:41:02.319 [main:ReadFile] : java.base/java.io.FileOutputStream.open(FileOutputStream.java:292)
[ ERROR] 10:41:02.319 [main:ReadFile] : java.base/java.io.FileOutputStream.<init>(FileOutputStream.java:235)
[ ERROR] 10:41:02.319 [main:ReadFile] : java.base/java.io.FileOutputStream.<init>(FileOutputStream.java:124)
[ ERROR] 10:41:02.319 [main:ReadFile] : com.polytech.planning.controller.WritePlanning.createFile(WritePlanning.java:85)
[ ERROR] 10:41:02.319 [main:ReadFile] : com.polytech.planning.view.handler.MainViewHandler.excuteGenerateCommand(MainViewHandler.java:92)
[ ERROR] 10:41:02.320 [main:ReadFile] : com.polytech.planning.view.handler.MainViewHandler.parseCommand(MainViewHandler.java:56)
[ ERROR] 10:41:02.320 [main:ReadFile] : com.polytech.planning.view.handler.MainViewHandler.excuteCommands(MainViewHandler.java:24)
[ ERROR] 10:41:02.320 [main:ReadFile] : com.polytech.planning.view.MainView.createMainView(MainView.java:31)
[ ERROR] 10:41:02.320 [main:ReadFile] : com.polytech.planning.App.main(App.java:20)
